<?xml version="1.0" encoding="UTF-8"?>
<testsuite xmlns:xsi="http://www.w3.org/2001/XMLSchema-instance" xsi:noNamespaceSchemaLocation="https://maven.apache.org/surefire/maven-surefire-plugin/xsd/surefire-test-report.xsd" version="3.0.1" name="runnerClass.JE_QP_1_SignInRunner" time="10.432" tests="1" errors="0" skipped="0" failures="0">
  <properties>
[...]
</properties>
  <testcase name="Sign In:Valid Check #8" classname="SignIn" time="10.141">
    <system-out><![CDATA[
@TC_08
Scenario: Sign In:Valid Check                                                                                           &amp#27;[90m# src/test/resources/featureFiles/JE_QP_1_SignIn.feature:58&amp#27;[0m
  &amp#27;[32mGiven &amp#27;[0m&amp#27;[32mTo Check Signin User is navigating to JetEdge URL is &amp#27;[0m&amp#27;[32m&amp#27;[1m"https://preprod.flyjetedge.aero/NSINVOICEDEMO/login.aspx"&amp#27;[0m &amp#27;[90m# stepDefinition.JE_QP_1_SignIn.user_is_navigating_to_jet_edge_Signin_url_is(java.lang.String)&amp#27;[0m
Alert message is displayed like : User Name is required.
  &amp#27;[32mWhen &amp#27;[0m&amp#27;[32mClick forget password button in NSInvoice&amp#27;[0m                                                                        &amp#27;[90m# stepDefinition.JE_QP_1_SignIn.Click_forget_password_button_in_NSInvoice()&amp#27;[0m
Page is closed
  &amp#27;[32mThen &amp#27;[0m&amp#27;[32mclose the Signin Page&amp#27;[0m                                                                                            &amp#27;[90m# stepDefinition.JE_QP_1_SignIn.close_the_Signin_Page()&amp#27;[0m
]]></system-out>
    <system-err><![CDATA[Jul 12, 2024 6:05:15 PM org.openqa.selenium.devtools.CdpVersionFinder findNearestMatch
WARNING: Unable to find an exact match for CDP version 126, returning the closest version; found: 125; Please update to a Selenium version that supports CDP version 126
]]></system-err>
  </testcase>
</testsuite>