<?xml version="1.0" encoding="UTF-8"?>
<testsuite xmlns:xsi="http://www.w3.org/2001/XMLSchema-instance" xsi:noNamespaceSchemaLocation="https://maven.apache.org/surefire/maven-surefire-plugin/xsd/surefire-test-report.xsd" version="3.0.1" name="runnerClass.JE_QP_1_SignInRunnerTest" time="173.158" tests="8" errors="0" skipped="0" failures="0">
  <properties>
[...]
</properties>
  <testcase name="Sign In:Valid Check #1" classname="SignIn" time="13.493">
    <system-out><![CDATA[
@TC_01
Scenario: Sign In:Valid Check                                                                                           # src/test/resources/featureFiles/JE_QP_1_SignIn.feature:4
  Given To Check Signin User is navigating to JetEdge URL is "https://preprod.flyjetedge.aero/NSINVOICEDEMO/login.aspx" # stepDefinition.JE_QP_1_SignIn.user_is_navigating_to_jet_edge_Signin_url_is(java.lang.String)
Username and password entered
  When To Check Signin User Enter username and password are "soundharya@sankarasoftware.com" and "Soundharya@321"       # stepDefinition.JE_QP_1_SignIn.username_and_password_are_and(java.lang.String,java.lang.String)
login button clicked
No Alert message is displayed
  And click the Signin button To Check Signin                                                                           # stepDefinition.JE_QP_1_SignIn.click_the_SignIn_button()
Page is closed
  Then close the Signin Page                                                                                            # stepDefinition.JE_QP_1_SignIn.close_the_Signin_Page()
]]></system-out>
  </testcase>
  <testcase name="Sign In:Valid Check #2" classname="SignIn" time="81.574">
    <system-out><![CDATA[
@TC_02
Scenario: Sign In:Valid Check                                                                                           # src/test/resources/featureFiles/JE_QP_1_SignIn.feature:11
  Given To Check Signin User is navigating to JetEdge URL is "https://preprod.flyjetedge.aero/NSINVOICEDEMO/login.aspx" # stepDefinition.JE_QP_1_SignIn.user_is_navigating_to_jet_edge_Signin_url_is(java.lang.String)
Username and password entered
  When To Check Signin User Enter username and password are "soundharya@sankarasoftware.com" and "Soundharya@321"       # stepDefinition.JE_QP_1_SignIn.username_and_password_are_and(java.lang.String,java.lang.String)
login button clicked
No Alert message is displayed
  And click the Signin button To Check Signin                                                                           # stepDefinition.JE_QP_1_SignIn.click_the_SignIn_button()
  Then Click the menu icon in homepage                                                                                  # stepDefinition.JE_QP_1_SignIn.Click_the_menu_icon_in_homepage()
  And Click Signout button in homepage                                                                                  # stepDefinition.JE_QP_1_SignIn.Click_Signout_button_in_homepage()
Page is closed
  Then close the Signin Page                                                                                            # stepDefinition.JE_QP_1_SignIn.close_the_Signin_Page()
]]></system-out>
  </testcase>
  <testcase name="Sign In:Valid Check #3" classname="SignIn" time="14.017">
    <system-out><![CDATA[
@TC_03
Scenario: Sign In:Valid Check                                                                                           # src/test/resources/featureFiles/JE_QP_1_SignIn.feature:20
  Given To Check Signin User is navigating to JetEdge URL is "https://preprod.flyjetedge.aero/NSINVOICEDEMO/login.aspx" # stepDefinition.JE_QP_1_SignIn.user_is_navigating_to_jet_edge_Signin_url_is(java.lang.String)
Username and password entered
  When To Check Signin User Enter Invalid username and password are "sound@sankarasoftware.com" and "Soundharya@321"    # stepDefinition.JE_QP_1_SignIn.To_Check_Signin_User_Enter_Invalid_username_and_password_are(java.lang.String,java.lang.String)
login button clicked
No Alert message is displayed
  And click the Signin button To Check Signin                                                                           # stepDefinition.JE_QP_1_SignIn.click_the_SignIn_button()
Error Message Displayed Like : Invalid username or password
  Then Check error message in signin page                                                                               # stepDefinition.JE_QP_1_SignIn.Check_error_message_in_signin_page()
Page is closed
  Then close the Signin Page                                                                                            # stepDefinition.JE_QP_1_SignIn.close_the_Signin_Page()
]]></system-out>
  </testcase>
  <testcase name="Sign In:Valid Check #4" classname="SignIn" time="12.227">
    <system-out><![CDATA[
@TC_04
Scenario: Sign In:Valid Check                                                                                           # src/test/resources/featureFiles/JE_QP_1_SignIn.feature:28
  Given To Check Signin User is navigating to JetEdge URL is "https://preprod.flyjetedge.aero/NSINVOICEDEMO/login.aspx" # stepDefinition.JE_QP_1_SignIn.user_is_navigating_to_jet_edge_Signin_url_is(java.lang.String)
Username and password entered
  When To Check Signin User Enter username and invalid password are "soundharya@sankarasoftware.com" and "Sound@1234"   # stepDefinition.JE_QP_1_SignIn.To_Check_Signin_User_Enter_username_and_Invalid_password_are(java.lang.String,java.lang.String)
login button clicked
No Alert message is displayed
  And click the Signin button To Check Signin                                                                           # stepDefinition.JE_QP_1_SignIn.click_the_SignIn_button()
Error Message Displayed Like : Invalid username or password
  Then Check error message in signin page                                                                               # stepDefinition.JE_QP_1_SignIn.Check_error_message_in_signin_page()
Page is closed
  Then close the Signin Page                                                                                            # stepDefinition.JE_QP_1_SignIn.close_the_Signin_Page()
]]></system-out>
  </testcase>
  <testcase name="Sign In:Valid Check #5" classname="SignIn" time="12.576">
    <system-out><![CDATA[
@TC_05
Scenario: Sign In:Valid Check                                                                                            # src/test/resources/featureFiles/JE_QP_1_SignIn.feature:36
  Given To Check Signin User is navigating to JetEdge URL is "https://preprod.flyjetedge.aero/NSINVOICEDEMO/login.aspx"  # stepDefinition.JE_QP_1_SignIn.user_is_navigating_to_jet_edge_Signin_url_is(java.lang.String)
Username and password entered
  When To Check Signin User Enter invalid username and invalid password are "sound@sankarasoftware.com" and "Sound@1234" # stepDefinition.JE_QP_1_SignIn.To_Check_Signin_User_Enter_invalid_username_and_Invalid_password_are(java.lang.String,java.lang.String)
login button clicked
No Alert message is displayed
  And click the Signin button To Check Signin                                                                            # stepDefinition.JE_QP_1_SignIn.click_the_SignIn_button()
Error Message Displayed Like : Invalid username or password
  Then Check error message in signin page                                                                                # stepDefinition.JE_QP_1_SignIn.Check_error_message_in_signin_page()
Page is closed
  Then close the Signin Page                                                                                             # stepDefinition.JE_QP_1_SignIn.close_the_Signin_Page()
]]></system-out>
  </testcase>
  <testcase name="Sign In:Valid Check #6" classname="SignIn" time="12.193">
    <system-out><![CDATA[
@TC_06
Scenario: Sign In:Valid Check                                                                                           # src/test/resources/featureFiles/JE_QP_1_SignIn.feature:44
  Given To Check Signin User is navigating to JetEdge URL is "https://preprod.flyjetedge.aero/NSINVOICEDEMO/login.aspx" # stepDefinition.JE_QP_1_SignIn.user_is_navigating_to_jet_edge_Signin_url_is(java.lang.String)
Username and password entered
  When To Check Signin User Enter username and without password are "soundharya@sankarasoftware.com" and ""             # stepDefinition.JE_QP_1_SignIn.To_Check_Signin_User_Enter_username_and_without_password_are(java.lang.String,java.lang.String)
login button clicked
Alert message is displayed like : - Please Enter Password.
  And click the Signin button To Check Signin                                                                           # stepDefinition.JE_QP_1_SignIn.click_the_SignIn_button()
Page is closed
  Then close the Signin Page                                                                                            # stepDefinition.JE_QP_1_SignIn.close_the_Signin_Page()
]]></system-out>
  </testcase>
  <testcase name="Sign In:Valid Check #7" classname="SignIn" time="13.284">
    <system-out><![CDATA[
@TC_07
Scenario: Sign In:Valid Check                                                                                           # src/test/resources/featureFiles/JE_QP_1_SignIn.feature:51
  Given To Check Signin User is navigating to JetEdge URL is "https://preprod.flyjetedge.aero/NSINVOICEDEMO/login.aspx" # stepDefinition.JE_QP_1_SignIn.user_is_navigating_to_jet_edge_Signin_url_is(java.lang.String)
Username and password entered
  When To Check Signin User without username and valid password are "" and "Soundharya@321"                             # stepDefinition.JE_QP_1_SignIn.To_Check_Signin_User_without_username_and_valid_password_are(java.lang.String,java.lang.String)
login button clicked
Alert message is displayed like : - Please Enter User Name.

  And click the Signin button To Check Signin                                                                           # stepDefinition.JE_QP_1_SignIn.click_the_SignIn_button()
Page is closed
  Then close the Signin Page                                                                                            # stepDefinition.JE_QP_1_SignIn.close_the_Signin_Page()
]]></system-out>
  </testcase>
  <testcase name="Sign In:Valid Check #8" classname="SignIn" time="13.578">
    <system-out><![CDATA[
@TC_08
Scenario: Sign In:Valid Check                                                                                           # src/test/resources/featureFiles/JE_QP_1_SignIn.feature:58
  Given To Check Signin User is navigating to JetEdge URL is "https://preprod.flyjetedge.aero/NSINVOICEDEMO/login.aspx" # stepDefinition.JE_QP_1_SignIn.user_is_navigating_to_jet_edge_Signin_url_is(java.lang.String)
Alert message is displayed like : User Name is required.
  When Click forget password button in NSInvoice                                                                        # stepDefinition.JE_QP_1_SignIn.Click_forget_password_button_in_NSInvoice()
Page is closed
  Then close the Signin Page                                                                                            # stepDefinition.JE_QP_1_SignIn.close_the_Signin_Page()
]]></system-out>
  </testcase>
</testsuite>