<?xml version="1.0" encoding="UTF-8"?>
<testsuite xmlns:xsi="http://www.w3.org/2001/XMLSchema-instance" xsi:noNamespaceSchemaLocation="https://maven.apache.org/surefire/maven-surefire-plugin/xsd/surefire-test-report.xsd" version="3.0.1" name="runnerClass.JE_QP_2_NSUploadRunnerTest" time="4492.215" tests="53" errors="1" skipped="0" failures="0">
  <properties>
[...]
</properties>
  <testcase name="NS Upload:Verify Trips #1" classname="NS UPLOAD" time="74.477">
    <system-out><![CDATA[
@TC_01
Scenario: NS Upload:Verify Trips                                                                                          # src/test/resources/featureFiles/JE_QP_2_NSUpload.feature:4
  Given To Check NSUpload User is navigating to JetEdge URL is "https://preprod.flyjetedge.aero/NSINVOICEDEMO/login.aspx" # stepDefinition.JE_QP_2_NSUpload.user_is_navigating_to_jet_edge_Signin_url_is(java.lang.String)
Username and password entered
  When To Check NSUpload User Enter username and password are "soundharya@sankarasoftware.com" and "Soundharya@321"       # stepDefinition.JE_QP_2_NSUpload.username_and_password_are_and(java.lang.String,java.lang.String)
login button clicked
No Alert message is displayed
  And click the Signin button To Check NSUpload                                                                           # stepDefinition.JE_QP_2_NSUpload.click_the_SignIn_button()
  And Click menu button in homepage                                                                                       # stepDefinition.JE_QP_2_NSUpload.Click_menu_button_in_homepage()
  Then Click Verify Trips button in NSUpload                                                                              # stepDefinition.JE_QP_2_NSUpload.Click_Verify_Trips_button_in_NSUpload()
  And Select from date is greater in verify trips                                                                         # stepDefinition.JE_QP_2_NSUpload.select_from_date_is_greater_in_verify_trips()
  Then Select to date is smaller in verify trips                                                                          # stepDefinition.JE_QP_2_NSUpload.select_to_date_is_smaller_in_verify_trips()
No alert is displayed after click search button
  And Click search button in verify trips                                                                                 # stepDefinition.JE_QP_2_NSUpload.click_search_button_in_verify_trips()
Page is closed
  Then close the NSUpload Page                                                                                            # stepDefinition.JE_QP_2_NSUpload.close_the_Signin_Page()
]]></system-out>
  </testcase>
  <testcase name="NS Upload:Verify Trips #2" classname="NS UPLOAD" time="69.178">
    <system-out><![CDATA[
@TC_02
Scenario: NS Upload:Verify Trips                                                                                          # src/test/resources/featureFiles/JE_QP_2_NSUpload.feature:16
  Given To Check NSUpload User is navigating to JetEdge URL is "https://preprod.flyjetedge.aero/NSINVOICEDEMO/login.aspx" # stepDefinition.JE_QP_2_NSUpload.user_is_navigating_to_jet_edge_Signin_url_is(java.lang.String)
Username and password entered
  When To Check NSUpload User Enter username and password are "soundharya@sankarasoftware.com" and "Soundharya@321"       # stepDefinition.JE_QP_2_NSUpload.username_and_password_are_and(java.lang.String,java.lang.String)
login button clicked
No Alert message is displayed
  And click the Signin button To Check NSUpload                                                                           # stepDefinition.JE_QP_2_NSUpload.click_the_SignIn_button()
  And Click menu button in homepage                                                                                       # stepDefinition.JE_QP_2_NSUpload.Click_menu_button_in_homepage()
  Then Click Verify Trips button in NSUpload                                                                              # stepDefinition.JE_QP_2_NSUpload.Click_Verify_Trips_button_in_NSUpload()
  And Select valid from date in verify trips                                                                              # stepDefinition.JE_QP_2_NSUpload.select_valid_from_date_in_verify_trips()
  Then Select valid to date in verify trips                                                                               # stepDefinition.JE_QP_2_NSUpload.select_valid_to_date_in_verify_trips()
  And Select valid company name in verify trips                                                                           # stepDefinition.JE_QP_2_NSUpload.select_valid_company_name_in_verify_trips()
  Then Select valid multi tail in verify trips                                                                            # stepDefinition.JE_QP_2_NSUpload.select_valid_multi_tail_in_verify_trips()
  And Select valid  Segment Tax Check in verify trips                                                                     # stepDefinition.JE_QP_2_NSUpload.select_valid_segment_tax_check_in_verify_trips()
  Then Select valid Trip Purpose in verify trips                                                                          # stepDefinition.JE_QP_2_NSUpload.select_valid_trip_purpose_in_verify_trips()
  And Select valid  NS Status in verify trips                                                                             # stepDefinition.JE_QP_2_NSUpload.select_valid_ns_status_in_verify_trips()
No alert is displayed after click search button
  And Click search button in verify trips                                                                                 # stepDefinition.JE_QP_2_NSUpload.click_search_button_in_verify_trips()
Page is closed
  Then close the NSUpload Page                                                                                            # stepDefinition.JE_QP_2_NSUpload.close_the_Signin_Page()
]]></system-out>
  </testcase>
  <testcase name="NS Upload:Verify Trips #3" classname="NS UPLOAD" time="86.839">
    <system-out><![CDATA[
@TC_03
Scenario: NS Upload:Verify Trips                                                                                          # src/test/resources/featureFiles/JE_QP_2_NSUpload.feature:33
  Given To Check NSUpload User is navigating to JetEdge URL is "https://preprod.flyjetedge.aero/NSINVOICEDEMO/login.aspx" # stepDefinition.JE_QP_2_NSUpload.user_is_navigating_to_jet_edge_Signin_url_is(java.lang.String)
Username and password entered
  When To Check NSUpload User Enter username and password are "soundharya@sankarasoftware.com" and "Soundharya@321"       # stepDefinition.JE_QP_2_NSUpload.username_and_password_are_and(java.lang.String,java.lang.String)
login button clicked
No Alert message is displayed
  And click the Signin button To Check NSUpload                                                                           # stepDefinition.JE_QP_2_NSUpload.click_the_SignIn_button()
  And Click menu button in homepage                                                                                       # stepDefinition.JE_QP_2_NSUpload.Click_menu_button_in_homepage()
  Then Click Verify Trips button in NSUpload                                                                              # stepDefinition.JE_QP_2_NSUpload.Click_Verify_Trips_button_in_NSUpload()
  And Select valid from date in verify trips                                                                              # stepDefinition.JE_QP_2_NSUpload.select_valid_from_date_in_verify_trips()
  Then Select valid to date in verify trips                                                                               # stepDefinition.JE_QP_2_NSUpload.select_valid_to_date_in_verify_trips()
  And Select valid company name in verify trips                                                                           # stepDefinition.JE_QP_2_NSUpload.select_valid_company_name_in_verify_trips()
  Then Select valid multi tail in verify trips                                                                            # stepDefinition.JE_QP_2_NSUpload.select_valid_multi_tail_in_verify_trips()
  And Select valid  Segment Tax Check in verify trips                                                                     # stepDefinition.JE_QP_2_NSUpload.select_valid_segment_tax_check_in_verify_trips()
  Then Select valid Trip Purpose in verify trips                                                                          # stepDefinition.JE_QP_2_NSUpload.select_valid_trip_purpose_in_verify_trips()
  And Select valid  NS Status in verify trips                                                                             # stepDefinition.JE_QP_2_NSUpload.select_valid_ns_status_in_verify_trips()
  Then Enter valid trip number in verify trips                                                                            # stepDefinition.JE_QP_2_NSUpload.enter_valid_trip_number_in_verify_trips()
No alert is displayed after click search button
  And Click search button in verify trips                                                                                 # stepDefinition.JE_QP_2_NSUpload.click_search_button_in_verify_trips()
Page is closed
  Then close the NSUpload Page                                                                                            # stepDefinition.JE_QP_2_NSUpload.close_the_Signin_Page()
]]></system-out>
  </testcase>
  <testcase name="NS Upload:Verify Trips #4" classname="NS UPLOAD" time="74.359">
    <system-out><![CDATA[
@TC_04
Scenario: NS Upload:Verify Trips                                                                                          # src/test/resources/featureFiles/JE_QP_2_NSUpload.feature:51
  Given To Check NSUpload User is navigating to JetEdge URL is "https://preprod.flyjetedge.aero/NSINVOICEDEMO/login.aspx" # stepDefinition.JE_QP_2_NSUpload.user_is_navigating_to_jet_edge_Signin_url_is(java.lang.String)
Username and password entered
  When To Check NSUpload User Enter username and password are "soundharya@sankarasoftware.com" and "Soundharya@321"       # stepDefinition.JE_QP_2_NSUpload.username_and_password_are_and(java.lang.String,java.lang.String)
login button clicked
No Alert message is displayed
  And click the Signin button To Check NSUpload                                                                           # stepDefinition.JE_QP_2_NSUpload.click_the_SignIn_button()
  And Click menu button in homepage                                                                                       # stepDefinition.JE_QP_2_NSUpload.Click_menu_button_in_homepage()
  Then Click Verify Trips button in NSUpload                                                                              # stepDefinition.JE_QP_2_NSUpload.Click_Verify_Trips_button_in_NSUpload()
  And Select valid from date in verify trips                                                                              # stepDefinition.JE_QP_2_NSUpload.select_valid_from_date_in_verify_trips()
  Then Select valid to date in verify trips                                                                               # stepDefinition.JE_QP_2_NSUpload.select_valid_to_date_in_verify_trips()
  And Select valid company name in verify trips                                                                           # stepDefinition.JE_QP_2_NSUpload.select_valid_company_name_in_verify_trips()
  Then Select valid multi tail in verify trips                                                                            # stepDefinition.JE_QP_2_NSUpload.select_valid_multi_tail_in_verify_trips()
  And Select valid  Segment Tax Check in verify trips                                                                     # stepDefinition.JE_QP_2_NSUpload.select_valid_segment_tax_check_in_verify_trips()
  Then Select valid Trip Purpose in verify trips                                                                          # stepDefinition.JE_QP_2_NSUpload.select_valid_trip_purpose_in_verify_trips()
  And Select valid  NS Status in verify trips                                                                             # stepDefinition.JE_QP_2_NSUpload.select_valid_ns_status_in_verify_trips()
No alert is displayed after click search button
  And Click search button in verify trips                                                                                 # stepDefinition.JE_QP_2_NSUpload.click_search_button_in_verify_trips()
  Then Click export button in verify trips                                                                                # stepDefinition.JE_QP_2_NSUpload.click_export_button_in_verify_trips()
Page is closed
  Then close the NSUpload Page                                                                                            # stepDefinition.JE_QP_2_NSUpload.close_the_Signin_Page()
]]></system-out>
  </testcase>
  <testcase name="NS Upload:Verify Trips #5" classname="NS UPLOAD" time="80.094">
    <system-out><![CDATA[
@TC_05
Scenario: NS Upload:Verify Trips                                                                                          # src/test/resources/featureFiles/JE_QP_2_NSUpload.feature:69
  Given To Check NSUpload User is navigating to JetEdge URL is "https://preprod.flyjetedge.aero/NSINVOICEDEMO/login.aspx" # stepDefinition.JE_QP_2_NSUpload.user_is_navigating_to_jet_edge_Signin_url_is(java.lang.String)
Username and password entered
  When To Check NSUpload User Enter username and password are "soundharya@sankarasoftware.com" and "Soundharya@321"       # stepDefinition.JE_QP_2_NSUpload.username_and_password_are_and(java.lang.String,java.lang.String)
login button clicked
No Alert message is displayed
  And click the Signin button To Check NSUpload                                                                           # stepDefinition.JE_QP_2_NSUpload.click_the_SignIn_button()
  And Click menu button in homepage                                                                                       # stepDefinition.JE_QP_2_NSUpload.Click_menu_button_in_homepage()
  Then Click Verify Trips button in NSUpload                                                                              # stepDefinition.JE_QP_2_NSUpload.Click_Verify_Trips_button_in_NSUpload()
  And Select valid from date in verify trips                                                                              # stepDefinition.JE_QP_2_NSUpload.select_valid_from_date_in_verify_trips()
  Then Select valid to date in verify trips                                                                               # stepDefinition.JE_QP_2_NSUpload.select_valid_to_date_in_verify_trips()
  And Select valid company name in verify trips                                                                           # stepDefinition.JE_QP_2_NSUpload.select_valid_company_name_in_verify_trips()
  Then Select valid multi tail in verify trips                                                                            # stepDefinition.JE_QP_2_NSUpload.select_valid_multi_tail_in_verify_trips()
  And Select valid  Segment Tax Check in verify trips                                                                     # stepDefinition.JE_QP_2_NSUpload.select_valid_segment_tax_check_in_verify_trips()
  Then Select valid Trip Purpose in verify trips                                                                          # stepDefinition.JE_QP_2_NSUpload.select_valid_trip_purpose_in_verify_trips()
  And Select valid  NS Status in verify trips                                                                             # stepDefinition.JE_QP_2_NSUpload.select_valid_ns_status_in_verify_trips()
No alert is displayed after click search button
  And Click search button in verify trips                                                                                 # stepDefinition.JE_QP_2_NSUpload.click_search_button_in_verify_trips()
  Then Select sort by trip in verify trips                                                                                # stepDefinition.JE_QP_2_NSUpload.select_sort_by_trip_in_verify_trips()
  And Select ascending option in verify trips                                                                             # stepDefinition.JE_QP_2_NSUpload.select_ascending_option_in_verify_trips()
  Then Click go button in verify trips                                                                                    # stepDefinition.JE_QP_2_NSUpload.click_go_button_in_verify_trips()
Page is closed
  Then close the NSUpload Page                                                                                            # stepDefinition.JE_QP_2_NSUpload.close_the_Signin_Page()
]]></system-out>
  </testcase>
  <testcase name="NS Upload:Verify Trips #6" classname="NS UPLOAD" time="73.069">
    <system-out><![CDATA[
@TC_06
Scenario: NS Upload:Verify Trips                                                                                          # src/test/resources/featureFiles/JE_QP_2_NSUpload.feature:89
  Given To Check NSUpload User is navigating to JetEdge URL is "https://preprod.flyjetedge.aero/NSINVOICEDEMO/login.aspx" # stepDefinition.JE_QP_2_NSUpload.user_is_navigating_to_jet_edge_Signin_url_is(java.lang.String)
Username and password entered
  When To Check NSUpload User Enter username and password are "soundharya@sankarasoftware.com" and "Soundharya@321"       # stepDefinition.JE_QP_2_NSUpload.username_and_password_are_and(java.lang.String,java.lang.String)
login button clicked
No Alert message is displayed
  And click the Signin button To Check NSUpload                                                                           # stepDefinition.JE_QP_2_NSUpload.click_the_SignIn_button()
  And Click menu button in homepage                                                                                       # stepDefinition.JE_QP_2_NSUpload.Click_menu_button_in_homepage()
  Then Click Verify Trips button in NSUpload                                                                              # stepDefinition.JE_QP_2_NSUpload.Click_Verify_Trips_button_in_NSUpload()
  And Select valid from date in verify trips                                                                              # stepDefinition.JE_QP_2_NSUpload.select_valid_from_date_in_verify_trips()
  Then Select valid to date in verify trips                                                                               # stepDefinition.JE_QP_2_NSUpload.select_valid_to_date_in_verify_trips()
  And Select valid company name in verify trips                                                                           # stepDefinition.JE_QP_2_NSUpload.select_valid_company_name_in_verify_trips()
  Then Select valid multi tail in verify trips                                                                            # stepDefinition.JE_QP_2_NSUpload.select_valid_multi_tail_in_verify_trips()
  And Select valid  Segment Tax Check in verify trips                                                                     # stepDefinition.JE_QP_2_NSUpload.select_valid_segment_tax_check_in_verify_trips()
  Then Select valid Trip Purpose in verify trips                                                                          # stepDefinition.JE_QP_2_NSUpload.select_valid_trip_purpose_in_verify_trips()
  And Select valid  NS Status in verify trips                                                                             # stepDefinition.JE_QP_2_NSUpload.select_valid_ns_status_in_verify_trips()
No alert is displayed after click search button
  And Click search button in verify trips                                                                                 # stepDefinition.JE_QP_2_NSUpload.click_search_button_in_verify_trips()
  Then Select sort by trip in verify trips                                                                                # stepDefinition.JE_QP_2_NSUpload.select_sort_by_trip_in_verify_trips()
  And Select descending option in verify trips                                                                            # stepDefinition.JE_QP_2_NSUpload.select_descending_option_in_verify_trips()
  Then Click go button in verify trips                                                                                    # stepDefinition.JE_QP_2_NSUpload.click_go_button_in_verify_trips()
Page is closed
  Then close the NSUpload Page                                                                                            # stepDefinition.JE_QP_2_NSUpload.close_the_Signin_Page()
]]></system-out>
  </testcase>
  <testcase name="NS Upload:Verify Trips #7" classname="NS UPLOAD" time="75.973">
    <system-out><![CDATA[
@TC_07
Scenario: NS Upload:Verify Trips                                                                                          # src/test/resources/featureFiles/JE_QP_2_NSUpload.feature:109
  Given To Check NSUpload User is navigating to JetEdge URL is "https://preprod.flyjetedge.aero/NSINVOICEDEMO/login.aspx" # stepDefinition.JE_QP_2_NSUpload.user_is_navigating_to_jet_edge_Signin_url_is(java.lang.String)
Username and password entered
  When To Check NSUpload User Enter username and password are "soundharya@sankarasoftware.com" and "Soundharya@321"       # stepDefinition.JE_QP_2_NSUpload.username_and_password_are_and(java.lang.String,java.lang.String)
login button clicked
No Alert message is displayed
  And click the Signin button To Check NSUpload                                                                           # stepDefinition.JE_QP_2_NSUpload.click_the_SignIn_button()
  And Click menu button in homepage                                                                                       # stepDefinition.JE_QP_2_NSUpload.Click_menu_button_in_homepage()
  Then Click Verify Trips button in NSUpload                                                                              # stepDefinition.JE_QP_2_NSUpload.Click_Verify_Trips_button_in_NSUpload()
  And Select valid from date in verify trips                                                                              # stepDefinition.JE_QP_2_NSUpload.select_valid_from_date_in_verify_trips()
  Then Select valid to date in verify trips                                                                               # stepDefinition.JE_QP_2_NSUpload.select_valid_to_date_in_verify_trips()
  And Select valid company name in verify trips                                                                           # stepDefinition.JE_QP_2_NSUpload.select_valid_company_name_in_verify_trips()
  Then Select valid multi tail in verify trips                                                                            # stepDefinition.JE_QP_2_NSUpload.select_valid_multi_tail_in_verify_trips()
  And Select valid  Segment Tax Check in verify trips                                                                     # stepDefinition.JE_QP_2_NSUpload.select_valid_segment_tax_check_in_verify_trips()
  Then Select valid Trip Purpose in verify trips                                                                          # stepDefinition.JE_QP_2_NSUpload.select_valid_trip_purpose_in_verify_trips()
  And Select valid  NS Status in verify trips                                                                             # stepDefinition.JE_QP_2_NSUpload.select_valid_ns_status_in_verify_trips()
No alert is displayed after click search button
  And Click search button in verify trips                                                                                 # stepDefinition.JE_QP_2_NSUpload.click_search_button_in_verify_trips()
  Then Select sort by from date in verify trips                                                                           # stepDefinition.JE_QP_2_NSUpload.select_sort_by_from_date_in_verify_trips()
  And Select ascending option in verify trips                                                                             # stepDefinition.JE_QP_2_NSUpload.select_ascending_option_in_verify_trips()
  Then Click go button in verify trips                                                                                    # stepDefinition.JE_QP_2_NSUpload.click_go_button_in_verify_trips()
Page is closed
  Then close the NSUpload Page                                                                                            # stepDefinition.JE_QP_2_NSUpload.close_the_Signin_Page()
]]></system-out>
  </testcase>
  <testcase name="NS Upload:Verify Trips #8" classname="NS UPLOAD" time="77.579">
    <system-out><![CDATA[
@TC_08
Scenario: NS Upload:Verify Trips                                                                                          # src/test/resources/featureFiles/JE_QP_2_NSUpload.feature:129
  Given To Check NSUpload User is navigating to JetEdge URL is "https://preprod.flyjetedge.aero/NSINVOICEDEMO/login.aspx" # stepDefinition.JE_QP_2_NSUpload.user_is_navigating_to_jet_edge_Signin_url_is(java.lang.String)
Username and password entered
  When To Check NSUpload User Enter username and password are "soundharya@sankarasoftware.com" and "Soundharya@321"       # stepDefinition.JE_QP_2_NSUpload.username_and_password_are_and(java.lang.String,java.lang.String)
login button clicked
No Alert message is displayed
  And click the Signin button To Check NSUpload                                                                           # stepDefinition.JE_QP_2_NSUpload.click_the_SignIn_button()
  And Click menu button in homepage                                                                                       # stepDefinition.JE_QP_2_NSUpload.Click_menu_button_in_homepage()
  Then Click Verify Trips button in NSUpload                                                                              # stepDefinition.JE_QP_2_NSUpload.Click_Verify_Trips_button_in_NSUpload()
  And Select valid from date in verify trips                                                                              # stepDefinition.JE_QP_2_NSUpload.select_valid_from_date_in_verify_trips()
  Then Select valid to date in verify trips                                                                               # stepDefinition.JE_QP_2_NSUpload.select_valid_to_date_in_verify_trips()
  And Select valid company name in verify trips                                                                           # stepDefinition.JE_QP_2_NSUpload.select_valid_company_name_in_verify_trips()
  Then Select valid multi tail in verify trips                                                                            # stepDefinition.JE_QP_2_NSUpload.select_valid_multi_tail_in_verify_trips()
  And Select valid  Segment Tax Check in verify trips                                                                     # stepDefinition.JE_QP_2_NSUpload.select_valid_segment_tax_check_in_verify_trips()
  Then Select valid Trip Purpose in verify trips                                                                          # stepDefinition.JE_QP_2_NSUpload.select_valid_trip_purpose_in_verify_trips()
  And Select valid  NS Status in verify trips                                                                             # stepDefinition.JE_QP_2_NSUpload.select_valid_ns_status_in_verify_trips()
No alert is displayed after click search button
  And Click search button in verify trips                                                                                 # stepDefinition.JE_QP_2_NSUpload.click_search_button_in_verify_trips()
  Then Select sort by from date in verify trips                                                                           # stepDefinition.JE_QP_2_NSUpload.select_sort_by_from_date_in_verify_trips()
  And Select descending option in verify trips                                                                            # stepDefinition.JE_QP_2_NSUpload.select_descending_option_in_verify_trips()
  Then Click go button in verify trips                                                                                    # stepDefinition.JE_QP_2_NSUpload.click_go_button_in_verify_trips()
Page is closed
  Then close the NSUpload Page                                                                                            # stepDefinition.JE_QP_2_NSUpload.close_the_Signin_Page()
]]></system-out>
  </testcase>
  <testcase name="NS Upload:Verify Trips #9" classname="NS UPLOAD" time="84.907">
    <system-out><![CDATA[
@TC_09
Scenario: NS Upload:Verify Trips                                                                                          # src/test/resources/featureFiles/JE_QP_2_NSUpload.feature:149
  Given To Check NSUpload User is navigating to JetEdge URL is "https://preprod.flyjetedge.aero/NSINVOICEDEMO/login.aspx" # stepDefinition.JE_QP_2_NSUpload.user_is_navigating_to_jet_edge_Signin_url_is(java.lang.String)
Username and password entered
  When To Check NSUpload User Enter username and password are "soundharya@sankarasoftware.com" and "Soundharya@321"       # stepDefinition.JE_QP_2_NSUpload.username_and_password_are_and(java.lang.String,java.lang.String)
login button clicked
No Alert message is displayed
  And click the Signin button To Check NSUpload                                                                           # stepDefinition.JE_QP_2_NSUpload.click_the_SignIn_button()
  And Click menu button in homepage                                                                                       # stepDefinition.JE_QP_2_NSUpload.Click_menu_button_in_homepage()
  Then Click Verify Trips button in NSUpload                                                                              # stepDefinition.JE_QP_2_NSUpload.Click_Verify_Trips_button_in_NSUpload()
  And Select valid from date in verify trips                                                                              # stepDefinition.JE_QP_2_NSUpload.select_valid_from_date_in_verify_trips()
  Then Select valid to date in verify trips                                                                               # stepDefinition.JE_QP_2_NSUpload.select_valid_to_date_in_verify_trips()
  And Select valid company name in verify trips                                                                           # stepDefinition.JE_QP_2_NSUpload.select_valid_company_name_in_verify_trips()
  Then Select valid multi tail in verify trips                                                                            # stepDefinition.JE_QP_2_NSUpload.select_valid_multi_tail_in_verify_trips()
  And Select valid  Segment Tax Check in verify trips                                                                     # stepDefinition.JE_QP_2_NSUpload.select_valid_segment_tax_check_in_verify_trips()
  Then Select valid Trip Purpose in verify trips                                                                          # stepDefinition.JE_QP_2_NSUpload.select_valid_trip_purpose_in_verify_trips()
  And Select valid  NS Status in verify trips                                                                             # stepDefinition.JE_QP_2_NSUpload.select_valid_ns_status_in_verify_trips()
No alert is displayed after click search button
  And Click search button in verify trips                                                                                 # stepDefinition.JE_QP_2_NSUpload.click_search_button_in_verify_trips()
  Then Select sort by to date in verify trips                                                                             # stepDefinition.JE_QP_2_NSUpload.select_sort_by_to_date_in_verify_trips()
  And Select ascending option in verify trips                                                                             # stepDefinition.JE_QP_2_NSUpload.select_ascending_option_in_verify_trips()
  Then Click go button in verify trips                                                                                    # stepDefinition.JE_QP_2_NSUpload.click_go_button_in_verify_trips()
Page is closed
  Then close the NSUpload Page                                                                                            # stepDefinition.JE_QP_2_NSUpload.close_the_Signin_Page()
]]></system-out>
  </testcase>
  <testcase name="NS Upload:Verify Trips #10" classname="NS UPLOAD" time="71.446">
    <system-out><![CDATA[
@TC_10
Scenario: NS Upload:Verify Trips                                                                                          # src/test/resources/featureFiles/JE_QP_2_NSUpload.feature:169
  Given To Check NSUpload User is navigating to JetEdge URL is "https://preprod.flyjetedge.aero/NSINVOICEDEMO/login.aspx" # stepDefinition.JE_QP_2_NSUpload.user_is_navigating_to_jet_edge_Signin_url_is(java.lang.String)
Username and password entered
  When To Check NSUpload User Enter username and password are "soundharya@sankarasoftware.com" and "Soundharya@321"       # stepDefinition.JE_QP_2_NSUpload.username_and_password_are_and(java.lang.String,java.lang.String)
login button clicked
No Alert message is displayed
  And click the Signin button To Check NSUpload                                                                           # stepDefinition.JE_QP_2_NSUpload.click_the_SignIn_button()
  And Click menu button in homepage                                                                                       # stepDefinition.JE_QP_2_NSUpload.Click_menu_button_in_homepage()
  Then Click Verify Trips button in NSUpload                                                                              # stepDefinition.JE_QP_2_NSUpload.Click_Verify_Trips_button_in_NSUpload()
  And Select valid from date in verify trips                                                                              # stepDefinition.JE_QP_2_NSUpload.select_valid_from_date_in_verify_trips()
  Then Select valid to date in verify trips                                                                               # stepDefinition.JE_QP_2_NSUpload.select_valid_to_date_in_verify_trips()
  And Select valid company name in verify trips                                                                           # stepDefinition.JE_QP_2_NSUpload.select_valid_company_name_in_verify_trips()
  Then Select valid multi tail in verify trips                                                                            # stepDefinition.JE_QP_2_NSUpload.select_valid_multi_tail_in_verify_trips()
  And Select valid  Segment Tax Check in verify trips                                                                     # stepDefinition.JE_QP_2_NSUpload.select_valid_segment_tax_check_in_verify_trips()
  Then Select valid Trip Purpose in verify trips                                                                          # stepDefinition.JE_QP_2_NSUpload.select_valid_trip_purpose_in_verify_trips()
  And Select valid  NS Status in verify trips                                                                             # stepDefinition.JE_QP_2_NSUpload.select_valid_ns_status_in_verify_trips()
No alert is displayed after click search button
  And Click search button in verify trips                                                                                 # stepDefinition.JE_QP_2_NSUpload.click_search_button_in_verify_trips()
  Then Select sort by to date in verify trips                                                                             # stepDefinition.JE_QP_2_NSUpload.select_sort_by_to_date_in_verify_trips()
  And Select descending option in verify trips                                                                            # stepDefinition.JE_QP_2_NSUpload.select_descending_option_in_verify_trips()
  Then Click go button in verify trips                                                                                    # stepDefinition.JE_QP_2_NSUpload.click_go_button_in_verify_trips()
Page is closed
  Then close the NSUpload Page                                                                                            # stepDefinition.JE_QP_2_NSUpload.close_the_Signin_Page()
]]></system-out>
  </testcase>
  <testcase name="NS Upload:Verify Trips #11" classname="NS UPLOAD" time="68.401">
    <system-out><![CDATA[
@TC_11
Scenario: NS Upload:Verify Trips                                                                                          # src/test/resources/featureFiles/JE_QP_2_NSUpload.feature:189
  Given To Check NSUpload User is navigating to JetEdge URL is "https://preprod.flyjetedge.aero/NSINVOICEDEMO/login.aspx" # stepDefinition.JE_QP_2_NSUpload.user_is_navigating_to_jet_edge_Signin_url_is(java.lang.String)
Username and password entered
  When To Check NSUpload User Enter username and password are "soundharya@sankarasoftware.com" and "Soundharya@321"       # stepDefinition.JE_QP_2_NSUpload.username_and_password_are_and(java.lang.String,java.lang.String)
login button clicked
No Alert message is displayed
  And click the Signin button To Check NSUpload                                                                           # stepDefinition.JE_QP_2_NSUpload.click_the_SignIn_button()
  And Click menu button in homepage                                                                                       # stepDefinition.JE_QP_2_NSUpload.Click_menu_button_in_homepage()
  Then Click Verify Trips button in NSUpload                                                                              # stepDefinition.JE_QP_2_NSUpload.Click_Verify_Trips_button_in_NSUpload()
  And Select valid from date in verify trips                                                                              # stepDefinition.JE_QP_2_NSUpload.select_valid_from_date_in_verify_trips()
  Then Select valid to date in verify trips                                                                               # stepDefinition.JE_QP_2_NSUpload.select_valid_to_date_in_verify_trips()
  And Select valid company name in verify trips                                                                           # stepDefinition.JE_QP_2_NSUpload.select_valid_company_name_in_verify_trips()
  Then Select valid multi tail in verify trips                                                                            # stepDefinition.JE_QP_2_NSUpload.select_valid_multi_tail_in_verify_trips()
  And Select valid  Segment Tax Check in verify trips                                                                     # stepDefinition.JE_QP_2_NSUpload.select_valid_segment_tax_check_in_verify_trips()
  Then Select valid Trip Purpose in verify trips                                                                          # stepDefinition.JE_QP_2_NSUpload.select_valid_trip_purpose_in_verify_trips()
  And Select valid  NS Status in verify trips                                                                             # stepDefinition.JE_QP_2_NSUpload.select_valid_ns_status_in_verify_trips()
No alert is displayed after click search button
  And Click search button in verify trips                                                                                 # stepDefinition.JE_QP_2_NSUpload.click_search_button_in_verify_trips()
  Then Select sort by Cutomer ID in verify trips                                                                          # stepDefinition.JE_QP_2_NSUpload.select_sort_by_Cutomer_ID_in_verify_trips()
  And Select ascending option in verify trips                                                                             # stepDefinition.JE_QP_2_NSUpload.select_ascending_option_in_verify_trips()
  Then Click go button in verify trips                                                                                    # stepDefinition.JE_QP_2_NSUpload.click_go_button_in_verify_trips()
Page is closed
  Then close the NSUpload Page                                                                                            # stepDefinition.JE_QP_2_NSUpload.close_the_Signin_Page()
]]></system-out>
  </testcase>
  <testcase name="NS Upload:Verify Trips #12" classname="NS UPLOAD" time="71.595">
    <system-out><![CDATA[
@TC_12
Scenario: NS Upload:Verify Trips                                                                                          # src/test/resources/featureFiles/JE_QP_2_NSUpload.feature:209
  Given To Check NSUpload User is navigating to JetEdge URL is "https://preprod.flyjetedge.aero/NSINVOICEDEMO/login.aspx" # stepDefinition.JE_QP_2_NSUpload.user_is_navigating_to_jet_edge_Signin_url_is(java.lang.String)
Username and password entered
  When To Check NSUpload User Enter username and password are "soundharya@sankarasoftware.com" and "Soundharya@321"       # stepDefinition.JE_QP_2_NSUpload.username_and_password_are_and(java.lang.String,java.lang.String)
login button clicked
No Alert message is displayed
  And click the Signin button To Check NSUpload                                                                           # stepDefinition.JE_QP_2_NSUpload.click_the_SignIn_button()
  And Click menu button in homepage                                                                                       # stepDefinition.JE_QP_2_NSUpload.Click_menu_button_in_homepage()
  Then Click Verify Trips button in NSUpload                                                                              # stepDefinition.JE_QP_2_NSUpload.Click_Verify_Trips_button_in_NSUpload()
  And Select valid from date in verify trips                                                                              # stepDefinition.JE_QP_2_NSUpload.select_valid_from_date_in_verify_trips()
  Then Select valid to date in verify trips                                                                               # stepDefinition.JE_QP_2_NSUpload.select_valid_to_date_in_verify_trips()
  And Select valid company name in verify trips                                                                           # stepDefinition.JE_QP_2_NSUpload.select_valid_company_name_in_verify_trips()
  Then Select valid multi tail in verify trips                                                                            # stepDefinition.JE_QP_2_NSUpload.select_valid_multi_tail_in_verify_trips()
  And Select valid  Segment Tax Check in verify trips                                                                     # stepDefinition.JE_QP_2_NSUpload.select_valid_segment_tax_check_in_verify_trips()
  Then Select valid Trip Purpose in verify trips                                                                          # stepDefinition.JE_QP_2_NSUpload.select_valid_trip_purpose_in_verify_trips()
  And Select valid  NS Status in verify trips                                                                             # stepDefinition.JE_QP_2_NSUpload.select_valid_ns_status_in_verify_trips()
No alert is displayed after click search button
  And Click search button in verify trips                                                                                 # stepDefinition.JE_QP_2_NSUpload.click_search_button_in_verify_trips()
  Then Select sort by Cutomer ID in verify trips                                                                          # stepDefinition.JE_QP_2_NSUpload.select_sort_by_Cutomer_ID_in_verify_trips()
  And Select descending option in verify trips                                                                            # stepDefinition.JE_QP_2_NSUpload.select_descending_option_in_verify_trips()
  Then Click go button in verify trips                                                                                    # stepDefinition.JE_QP_2_NSUpload.click_go_button_in_verify_trips()
Page is closed
  Then close the NSUpload Page                                                                                            # stepDefinition.JE_QP_2_NSUpload.close_the_Signin_Page()
]]></system-out>
  </testcase>
  <testcase name="NS Upload:Verify Trips #13" classname="NS UPLOAD" time="80.938">
    <system-out><![CDATA[
@TC_13
Scenario: NS Upload:Verify Trips                                                                                          # src/test/resources/featureFiles/JE_QP_2_NSUpload.feature:229
  Given To Check NSUpload User is navigating to JetEdge URL is "https://preprod.flyjetedge.aero/NSINVOICEDEMO/login.aspx" # stepDefinition.JE_QP_2_NSUpload.user_is_navigating_to_jet_edge_Signin_url_is(java.lang.String)
Username and password entered
  When To Check NSUpload User Enter username and password are "soundharya@sankarasoftware.com" and "Soundharya@321"       # stepDefinition.JE_QP_2_NSUpload.username_and_password_are_and(java.lang.String,java.lang.String)
login button clicked
No Alert message is displayed
  And click the Signin button To Check NSUpload                                                                           # stepDefinition.JE_QP_2_NSUpload.click_the_SignIn_button()
  And Click menu button in homepage                                                                                       # stepDefinition.JE_QP_2_NSUpload.Click_menu_button_in_homepage()
  Then Click Verify Trips button in NSUpload                                                                              # stepDefinition.JE_QP_2_NSUpload.Click_Verify_Trips_button_in_NSUpload()
  And Select valid from date in verify trips                                                                              # stepDefinition.JE_QP_2_NSUpload.select_valid_from_date_in_verify_trips()
  Then Select valid to date in verify trips                                                                               # stepDefinition.JE_QP_2_NSUpload.select_valid_to_date_in_verify_trips()
  And Select valid company name in verify trips                                                                           # stepDefinition.JE_QP_2_NSUpload.select_valid_company_name_in_verify_trips()
  Then Select valid multi tail in verify trips                                                                            # stepDefinition.JE_QP_2_NSUpload.select_valid_multi_tail_in_verify_trips()
  And Select valid  Segment Tax Check in verify trips                                                                     # stepDefinition.JE_QP_2_NSUpload.select_valid_segment_tax_check_in_verify_trips()
  Then Select valid Trip Purpose in verify trips                                                                          # stepDefinition.JE_QP_2_NSUpload.select_valid_trip_purpose_in_verify_trips()
  And Select valid  NS Status in verify trips                                                                             # stepDefinition.JE_QP_2_NSUpload.select_valid_ns_status_in_verify_trips()
No alert is displayed after click search button
  And Click search button in verify trips                                                                                 # stepDefinition.JE_QP_2_NSUpload.click_search_button_in_verify_trips()
  Then Select sort by Cutomer Name in verify trips                                                                        # stepDefinition.JE_QP_2_NSUpload.select_sort_by_Cutomer_Name_in_verify_trips()
  And Select ascending option in verify trips                                                                             # stepDefinition.JE_QP_2_NSUpload.select_ascending_option_in_verify_trips()
  Then Click go button in verify trips                                                                                    # stepDefinition.JE_QP_2_NSUpload.click_go_button_in_verify_trips()
Page is closed
  Then close the NSUpload Page                                                                                            # stepDefinition.JE_QP_2_NSUpload.close_the_Signin_Page()
]]></system-out>
  </testcase>
  <testcase name="NS Upload:Verify Trips #14" classname="NS UPLOAD" time="78.763">
    <system-out><![CDATA[
@TC_14
Scenario: NS Upload:Verify Trips                                                                                          # src/test/resources/featureFiles/JE_QP_2_NSUpload.feature:249
  Given To Check NSUpload User is navigating to JetEdge URL is "https://preprod.flyjetedge.aero/NSINVOICEDEMO/login.aspx" # stepDefinition.JE_QP_2_NSUpload.user_is_navigating_to_jet_edge_Signin_url_is(java.lang.String)
Username and password entered
  When To Check NSUpload User Enter username and password are "soundharya@sankarasoftware.com" and "Soundharya@321"       # stepDefinition.JE_QP_2_NSUpload.username_and_password_are_and(java.lang.String,java.lang.String)
login button clicked
No Alert message is displayed
  And click the Signin button To Check NSUpload                                                                           # stepDefinition.JE_QP_2_NSUpload.click_the_SignIn_button()
  And Click menu button in homepage                                                                                       # stepDefinition.JE_QP_2_NSUpload.Click_menu_button_in_homepage()
  Then Click Verify Trips button in NSUpload                                                                              # stepDefinition.JE_QP_2_NSUpload.Click_Verify_Trips_button_in_NSUpload()
  And Select valid from date in verify trips                                                                              # stepDefinition.JE_QP_2_NSUpload.select_valid_from_date_in_verify_trips()
  Then Select valid to date in verify trips                                                                               # stepDefinition.JE_QP_2_NSUpload.select_valid_to_date_in_verify_trips()
  And Select valid company name in verify trips                                                                           # stepDefinition.JE_QP_2_NSUpload.select_valid_company_name_in_verify_trips()
  Then Select valid multi tail in verify trips                                                                            # stepDefinition.JE_QP_2_NSUpload.select_valid_multi_tail_in_verify_trips()
  And Select valid  Segment Tax Check in verify trips                                                                     # stepDefinition.JE_QP_2_NSUpload.select_valid_segment_tax_check_in_verify_trips()
  Then Select valid Trip Purpose in verify trips                                                                          # stepDefinition.JE_QP_2_NSUpload.select_valid_trip_purpose_in_verify_trips()
  And Select valid  NS Status in verify trips                                                                             # stepDefinition.JE_QP_2_NSUpload.select_valid_ns_status_in_verify_trips()
No alert is displayed after click search button
  And Click search button in verify trips                                                                                 # stepDefinition.JE_QP_2_NSUpload.click_search_button_in_verify_trips()
  Then Select sort by Cutomer Name in verify trips                                                                        # stepDefinition.JE_QP_2_NSUpload.select_sort_by_Cutomer_Name_in_verify_trips()
  And Select descending option in verify trips                                                                            # stepDefinition.JE_QP_2_NSUpload.select_descending_option_in_verify_trips()
  Then Click go button in verify trips                                                                                    # stepDefinition.JE_QP_2_NSUpload.click_go_button_in_verify_trips()
Page is closed
  Then close the NSUpload Page                                                                                            # stepDefinition.JE_QP_2_NSUpload.close_the_Signin_Page()
]]></system-out>
  </testcase>
  <testcase name="NS Upload:Verify Trips #15" classname="NS UPLOAD" time="72.572">
    <system-out><![CDATA[
@TC_15
Scenario: NS Upload:Verify Trips                                                                                          # src/test/resources/featureFiles/JE_QP_2_NSUpload.feature:269
  Given To Check NSUpload User is navigating to JetEdge URL is "https://preprod.flyjetedge.aero/NSINVOICEDEMO/login.aspx" # stepDefinition.JE_QP_2_NSUpload.user_is_navigating_to_jet_edge_Signin_url_is(java.lang.String)
Username and password entered
  When To Check NSUpload User Enter username and password are "soundharya@sankarasoftware.com" and "Soundharya@321"       # stepDefinition.JE_QP_2_NSUpload.username_and_password_are_and(java.lang.String,java.lang.String)
login button clicked
No Alert message is displayed
  And click the Signin button To Check NSUpload                                                                           # stepDefinition.JE_QP_2_NSUpload.click_the_SignIn_button()
  And Click menu button in homepage                                                                                       # stepDefinition.JE_QP_2_NSUpload.Click_menu_button_in_homepage()
  Then Click Verify Trips button in NSUpload                                                                              # stepDefinition.JE_QP_2_NSUpload.Click_Verify_Trips_button_in_NSUpload()
  And Select valid from date in verify trips                                                                              # stepDefinition.JE_QP_2_NSUpload.select_valid_from_date_in_verify_trips()
  Then Select valid to date in verify trips                                                                               # stepDefinition.JE_QP_2_NSUpload.select_valid_to_date_in_verify_trips()
  And Select valid company name in verify trips                                                                           # stepDefinition.JE_QP_2_NSUpload.select_valid_company_name_in_verify_trips()
  Then Select valid multi tail in verify trips                                                                            # stepDefinition.JE_QP_2_NSUpload.select_valid_multi_tail_in_verify_trips()
  And Select valid  Segment Tax Check in verify trips                                                                     # stepDefinition.JE_QP_2_NSUpload.select_valid_segment_tax_check_in_verify_trips()
  Then Select valid Trip Purpose in verify trips                                                                          # stepDefinition.JE_QP_2_NSUpload.select_valid_trip_purpose_in_verify_trips()
  And Select valid  NS Status in verify trips                                                                             # stepDefinition.JE_QP_2_NSUpload.select_valid_ns_status_in_verify_trips()
No alert is displayed after click search button
  And Click search button in verify trips                                                                                 # stepDefinition.JE_QP_2_NSUpload.click_search_button_in_verify_trips()
  Then Select sort by Company in verify trips                                                                             # stepDefinition.JE_QP_2_NSUpload.select_sort_by_Company_in_verify_trips()
  And Select ascending option in verify trips                                                                             # stepDefinition.JE_QP_2_NSUpload.select_ascending_option_in_verify_trips()
  Then Click go button in verify trips                                                                                    # stepDefinition.JE_QP_2_NSUpload.click_go_button_in_verify_trips()
Page is closed
  Then close the NSUpload Page                                                                                            # stepDefinition.JE_QP_2_NSUpload.close_the_Signin_Page()
]]></system-out>
  </testcase>
  <testcase name="NS Upload:Verify Trips #16" classname="NS UPLOAD" time="91.75">
    <system-out><![CDATA[
@TC_16
Scenario: NS Upload:Verify Trips                                                                                          # src/test/resources/featureFiles/JE_QP_2_NSUpload.feature:289
  Given To Check NSUpload User is navigating to JetEdge URL is "https://preprod.flyjetedge.aero/NSINVOICEDEMO/login.aspx" # stepDefinition.JE_QP_2_NSUpload.user_is_navigating_to_jet_edge_Signin_url_is(java.lang.String)
Username and password entered
  When To Check NSUpload User Enter username and password are "soundharya@sankarasoftware.com" and "Soundharya@321"       # stepDefinition.JE_QP_2_NSUpload.username_and_password_are_and(java.lang.String,java.lang.String)
login button clicked
No Alert message is displayed
  And click the Signin button To Check NSUpload                                                                           # stepDefinition.JE_QP_2_NSUpload.click_the_SignIn_button()
  And Click menu button in homepage                                                                                       # stepDefinition.JE_QP_2_NSUpload.Click_menu_button_in_homepage()
  Then Click Verify Trips button in NSUpload                                                                              # stepDefinition.JE_QP_2_NSUpload.Click_Verify_Trips_button_in_NSUpload()
  And Select valid from date in verify trips                                                                              # stepDefinition.JE_QP_2_NSUpload.select_valid_from_date_in_verify_trips()
  Then Select valid to date in verify trips                                                                               # stepDefinition.JE_QP_2_NSUpload.select_valid_to_date_in_verify_trips()
  And Select valid company name in verify trips                                                                           # stepDefinition.JE_QP_2_NSUpload.select_valid_company_name_in_verify_trips()
  Then Select valid multi tail in verify trips                                                                            # stepDefinition.JE_QP_2_NSUpload.select_valid_multi_tail_in_verify_trips()
  And Select valid  Segment Tax Check in verify trips                                                                     # stepDefinition.JE_QP_2_NSUpload.select_valid_segment_tax_check_in_verify_trips()
  Then Select valid Trip Purpose in verify trips                                                                          # stepDefinition.JE_QP_2_NSUpload.select_valid_trip_purpose_in_verify_trips()
  And Select valid  NS Status in verify trips                                                                             # stepDefinition.JE_QP_2_NSUpload.select_valid_ns_status_in_verify_trips()
No alert is displayed after click search button
  And Click search button in verify trips                                                                                 # stepDefinition.JE_QP_2_NSUpload.click_search_button_in_verify_trips()
  Then Select sort by Company in verify trips                                                                             # stepDefinition.JE_QP_2_NSUpload.select_sort_by_Company_in_verify_trips()
  And Select descending option in verify trips                                                                            # stepDefinition.JE_QP_2_NSUpload.select_descending_option_in_verify_trips()
  Then Click go button in verify trips                                                                                    # stepDefinition.JE_QP_2_NSUpload.click_go_button_in_verify_trips()
Page is closed
  Then close the NSUpload Page                                                                                            # stepDefinition.JE_QP_2_NSUpload.close_the_Signin_Page()
]]></system-out>
  </testcase>
  <testcase name="NS Upload:Verify Trips #17" classname="NS UPLOAD" time="76.388">
    <system-out><![CDATA[
@TC_17
Scenario: NS Upload:Verify Trips                                                                                          # src/test/resources/featureFiles/JE_QP_2_NSUpload.feature:309
  Given To Check NSUpload User is navigating to JetEdge URL is "https://preprod.flyjetedge.aero/NSINVOICEDEMO/login.aspx" # stepDefinition.JE_QP_2_NSUpload.user_is_navigating_to_jet_edge_Signin_url_is(java.lang.String)
Username and password entered
  When To Check NSUpload User Enter username and password are "soundharya@sankarasoftware.com" and "Soundharya@321"       # stepDefinition.JE_QP_2_NSUpload.username_and_password_are_and(java.lang.String,java.lang.String)
login button clicked
No Alert message is displayed
  And click the Signin button To Check NSUpload                                                                           # stepDefinition.JE_QP_2_NSUpload.click_the_SignIn_button()
  And Click menu button in homepage                                                                                       # stepDefinition.JE_QP_2_NSUpload.Click_menu_button_in_homepage()
  Then Click Verify Trips button in NSUpload                                                                              # stepDefinition.JE_QP_2_NSUpload.Click_Verify_Trips_button_in_NSUpload()
  And Select valid from date in verify trips                                                                              # stepDefinition.JE_QP_2_NSUpload.select_valid_from_date_in_verify_trips()
  Then Select valid to date in verify trips                                                                               # stepDefinition.JE_QP_2_NSUpload.select_valid_to_date_in_verify_trips()
  And Select valid company name in verify trips                                                                           # stepDefinition.JE_QP_2_NSUpload.select_valid_company_name_in_verify_trips()
  Then Select valid multi tail in verify trips                                                                            # stepDefinition.JE_QP_2_NSUpload.select_valid_multi_tail_in_verify_trips()
  And Select valid  Segment Tax Check in verify trips                                                                     # stepDefinition.JE_QP_2_NSUpload.select_valid_segment_tax_check_in_verify_trips()
  Then Select valid Trip Purpose in verify trips                                                                          # stepDefinition.JE_QP_2_NSUpload.select_valid_trip_purpose_in_verify_trips()
  And Select valid  NS Status in verify trips                                                                             # stepDefinition.JE_QP_2_NSUpload.select_valid_ns_status_in_verify_trips()
No alert is displayed after click search button
  And Click search button in verify trips                                                                                 # stepDefinition.JE_QP_2_NSUpload.click_search_button_in_verify_trips()
  Then Select sort by Sales Person in verify trips                                                                        # stepDefinition.JE_QP_2_NSUpload.select_sort_by_Sales_Person_in_verify_trips()
  And Select ascending option in verify trips                                                                             # stepDefinition.JE_QP_2_NSUpload.select_ascending_option_in_verify_trips()
  Then Click go button in verify trips                                                                                    # stepDefinition.JE_QP_2_NSUpload.click_go_button_in_verify_trips()
Page is closed
  Then close the NSUpload Page                                                                                            # stepDefinition.JE_QP_2_NSUpload.close_the_Signin_Page()
]]></system-out>
  </testcase>
  <testcase name="NS Upload:Verify Trips #18" classname="NS UPLOAD" time="82.353">
    <system-out><![CDATA[
@TC_18
Scenario: NS Upload:Verify Trips                                                                                          # src/test/resources/featureFiles/JE_QP_2_NSUpload.feature:329
  Given To Check NSUpload User is navigating to JetEdge URL is "https://preprod.flyjetedge.aero/NSINVOICEDEMO/login.aspx" # stepDefinition.JE_QP_2_NSUpload.user_is_navigating_to_jet_edge_Signin_url_is(java.lang.String)
Username and password entered
  When To Check NSUpload User Enter username and password are "soundharya@sankarasoftware.com" and "Soundharya@321"       # stepDefinition.JE_QP_2_NSUpload.username_and_password_are_and(java.lang.String,java.lang.String)
login button clicked
No Alert message is displayed
  And click the Signin button To Check NSUpload                                                                           # stepDefinition.JE_QP_2_NSUpload.click_the_SignIn_button()
  And Click menu button in homepage                                                                                       # stepDefinition.JE_QP_2_NSUpload.Click_menu_button_in_homepage()
  Then Click Verify Trips button in NSUpload                                                                              # stepDefinition.JE_QP_2_NSUpload.Click_Verify_Trips_button_in_NSUpload()
  And Select valid from date in verify trips                                                                              # stepDefinition.JE_QP_2_NSUpload.select_valid_from_date_in_verify_trips()
  Then Select valid to date in verify trips                                                                               # stepDefinition.JE_QP_2_NSUpload.select_valid_to_date_in_verify_trips()
  And Select valid company name in verify trips                                                                           # stepDefinition.JE_QP_2_NSUpload.select_valid_company_name_in_verify_trips()
  Then Select valid multi tail in verify trips                                                                            # stepDefinition.JE_QP_2_NSUpload.select_valid_multi_tail_in_verify_trips()
  And Select valid  Segment Tax Check in verify trips                                                                     # stepDefinition.JE_QP_2_NSUpload.select_valid_segment_tax_check_in_verify_trips()
  Then Select valid Trip Purpose in verify trips                                                                          # stepDefinition.JE_QP_2_NSUpload.select_valid_trip_purpose_in_verify_trips()
  And Select valid  NS Status in verify trips                                                                             # stepDefinition.JE_QP_2_NSUpload.select_valid_ns_status_in_verify_trips()
No alert is displayed after click search button
  And Click search button in verify trips                                                                                 # stepDefinition.JE_QP_2_NSUpload.click_search_button_in_verify_trips()
  Then Select sort by Sales Person in verify trips                                                                        # stepDefinition.JE_QP_2_NSUpload.select_sort_by_Sales_Person_in_verify_trips()
  And Select descending option in verify trips                                                                            # stepDefinition.JE_QP_2_NSUpload.select_descending_option_in_verify_trips()
  Then Click go button in verify trips                                                                                    # stepDefinition.JE_QP_2_NSUpload.click_go_button_in_verify_trips()
Page is closed
  Then close the NSUpload Page                                                                                            # stepDefinition.JE_QP_2_NSUpload.close_the_Signin_Page()
]]></system-out>
  </testcase>
  <testcase name="NS Upload:Verify Trips #19" classname="NS UPLOAD" time="90.331">
    <system-out><![CDATA[
@TC_19
Scenario: NS Upload:Verify Trips                                                                                          # src/test/resources/featureFiles/JE_QP_2_NSUpload.feature:349
  Given To Check NSUpload User is navigating to JetEdge URL is "https://preprod.flyjetedge.aero/NSINVOICEDEMO/login.aspx" # stepDefinition.JE_QP_2_NSUpload.user_is_navigating_to_jet_edge_Signin_url_is(java.lang.String)
Username and password entered
  When To Check NSUpload User Enter username and password are "soundharya@sankarasoftware.com" and "Soundharya@321"       # stepDefinition.JE_QP_2_NSUpload.username_and_password_are_and(java.lang.String,java.lang.String)
login button clicked
No Alert message is displayed
  And click the Signin button To Check NSUpload                                                                           # stepDefinition.JE_QP_2_NSUpload.click_the_SignIn_button()
  And Click menu button in homepage                                                                                       # stepDefinition.JE_QP_2_NSUpload.Click_menu_button_in_homepage()
  Then Click Verify Trips button in NSUpload                                                                              # stepDefinition.JE_QP_2_NSUpload.Click_Verify_Trips_button_in_NSUpload()
  And Select valid from date in verify trips                                                                              # stepDefinition.JE_QP_2_NSUpload.select_valid_from_date_in_verify_trips()
  Then Select valid to date in verify trips                                                                               # stepDefinition.JE_QP_2_NSUpload.select_valid_to_date_in_verify_trips()
  And Select valid company name in verify trips                                                                           # stepDefinition.JE_QP_2_NSUpload.select_valid_company_name_in_verify_trips()
  Then Select valid multi tail in verify trips                                                                            # stepDefinition.JE_QP_2_NSUpload.select_valid_multi_tail_in_verify_trips()
  And Select valid  Segment Tax Check in verify trips                                                                     # stepDefinition.JE_QP_2_NSUpload.select_valid_segment_tax_check_in_verify_trips()
  Then Select valid Trip Purpose in verify trips                                                                          # stepDefinition.JE_QP_2_NSUpload.select_valid_trip_purpose_in_verify_trips()
  And Select valid  NS Status in verify trips                                                                             # stepDefinition.JE_QP_2_NSUpload.select_valid_ns_status_in_verify_trips()
No alert is displayed after click search button
  And Click search button in verify trips                                                                                 # stepDefinition.JE_QP_2_NSUpload.click_search_button_in_verify_trips()
  Then Select sort by Contact in verify trips                                                                             # stepDefinition.JE_QP_2_NSUpload.select_sort_by_Contact_in_verify_trips()
  And Select ascending option in verify trips                                                                             # stepDefinition.JE_QP_2_NSUpload.select_ascending_option_in_verify_trips()
  Then Click go button in verify trips                                                                                    # stepDefinition.JE_QP_2_NSUpload.click_go_button_in_verify_trips()
Page is closed
  Then close the NSUpload Page                                                                                            # stepDefinition.JE_QP_2_NSUpload.close_the_Signin_Page()
]]></system-out>
  </testcase>
  <testcase name="NS Upload:Verify Trips #20" classname="NS UPLOAD" time="92.666">
    <system-out><![CDATA[
@TC_20
Scenario: NS Upload:Verify Trips                                                                                          # src/test/resources/featureFiles/JE_QP_2_NSUpload.feature:369
  Given To Check NSUpload User is navigating to JetEdge URL is "https://preprod.flyjetedge.aero/NSINVOICEDEMO/login.aspx" # stepDefinition.JE_QP_2_NSUpload.user_is_navigating_to_jet_edge_Signin_url_is(java.lang.String)
Username and password entered
  When To Check NSUpload User Enter username and password are "soundharya@sankarasoftware.com" and "Soundharya@321"       # stepDefinition.JE_QP_2_NSUpload.username_and_password_are_and(java.lang.String,java.lang.String)
login button clicked
No Alert message is displayed
  And click the Signin button To Check NSUpload                                                                           # stepDefinition.JE_QP_2_NSUpload.click_the_SignIn_button()
  And Click menu button in homepage                                                                                       # stepDefinition.JE_QP_2_NSUpload.Click_menu_button_in_homepage()
  Then Click Verify Trips button in NSUpload                                                                              # stepDefinition.JE_QP_2_NSUpload.Click_Verify_Trips_button_in_NSUpload()
  And Select valid from date in verify trips                                                                              # stepDefinition.JE_QP_2_NSUpload.select_valid_from_date_in_verify_trips()
  Then Select valid to date in verify trips                                                                               # stepDefinition.JE_QP_2_NSUpload.select_valid_to_date_in_verify_trips()
  And Select valid company name in verify trips                                                                           # stepDefinition.JE_QP_2_NSUpload.select_valid_company_name_in_verify_trips()
  Then Select valid multi tail in verify trips                                                                            # stepDefinition.JE_QP_2_NSUpload.select_valid_multi_tail_in_verify_trips()
  And Select valid  Segment Tax Check in verify trips                                                                     # stepDefinition.JE_QP_2_NSUpload.select_valid_segment_tax_check_in_verify_trips()
  Then Select valid Trip Purpose in verify trips                                                                          # stepDefinition.JE_QP_2_NSUpload.select_valid_trip_purpose_in_verify_trips()
  And Select valid  NS Status in verify trips                                                                             # stepDefinition.JE_QP_2_NSUpload.select_valid_ns_status_in_verify_trips()
No alert is displayed after click search button
  And Click search button in verify trips                                                                                 # stepDefinition.JE_QP_2_NSUpload.click_search_button_in_verify_trips()
  Then Select sort by Contact in verify trips                                                                             # stepDefinition.JE_QP_2_NSUpload.select_sort_by_Contact_in_verify_trips()
  And Select descending option in verify trips                                                                            # stepDefinition.JE_QP_2_NSUpload.select_descending_option_in_verify_trips()
  Then Click go button in verify trips                                                                                    # stepDefinition.JE_QP_2_NSUpload.click_go_button_in_verify_trips()
Page is closed
  Then close the NSUpload Page                                                                                            # stepDefinition.JE_QP_2_NSUpload.close_the_Signin_Page()
]]></system-out>
  </testcase>
  <testcase name="NS Upload:Verify Trips #21" classname="NS UPLOAD" time="83.814">
    <system-out><![CDATA[
@TC_21
Scenario: NS Upload:Verify Trips                                                                                          # src/test/resources/featureFiles/JE_QP_2_NSUpload.feature:389
  Given To Check NSUpload User is navigating to JetEdge URL is "https://preprod.flyjetedge.aero/NSINVOICEDEMO/login.aspx" # stepDefinition.JE_QP_2_NSUpload.user_is_navigating_to_jet_edge_Signin_url_is(java.lang.String)
Username and password entered
  When To Check NSUpload User Enter username and password are "soundharya@sankarasoftware.com" and "Soundharya@321"       # stepDefinition.JE_QP_2_NSUpload.username_and_password_are_and(java.lang.String,java.lang.String)
login button clicked
No Alert message is displayed
  And click the Signin button To Check NSUpload                                                                           # stepDefinition.JE_QP_2_NSUpload.click_the_SignIn_button()
  And Click menu button in homepage                                                                                       # stepDefinition.JE_QP_2_NSUpload.Click_menu_button_in_homepage()
  Then Click Verify Trips button in NSUpload                                                                              # stepDefinition.JE_QP_2_NSUpload.Click_Verify_Trips_button_in_NSUpload()
  And Select valid from date in verify trips                                                                              # stepDefinition.JE_QP_2_NSUpload.select_valid_from_date_in_verify_trips()
  Then Select valid to date in verify trips                                                                               # stepDefinition.JE_QP_2_NSUpload.select_valid_to_date_in_verify_trips()
  And Select valid company name in verify trips                                                                           # stepDefinition.JE_QP_2_NSUpload.select_valid_company_name_in_verify_trips()
  Then Select valid multi tail in verify trips                                                                            # stepDefinition.JE_QP_2_NSUpload.select_valid_multi_tail_in_verify_trips()
  And Select valid  Segment Tax Check in verify trips                                                                     # stepDefinition.JE_QP_2_NSUpload.select_valid_segment_tax_check_in_verify_trips()
  Then Select valid Trip Purpose in verify trips                                                                          # stepDefinition.JE_QP_2_NSUpload.select_valid_trip_purpose_in_verify_trips()
  And Select valid  NS Status in verify trips                                                                             # stepDefinition.JE_QP_2_NSUpload.select_valid_ns_status_in_verify_trips()
No alert is displayed after click search button
  And Click search button in verify trips                                                                                 # stepDefinition.JE_QP_2_NSUpload.click_search_button_in_verify_trips()
  Then Select sort by NS Status in verify trips                                                                           # stepDefinition.JE_QP_2_NSUpload.select_sort_by_NS_Status_in_verify_trips()
  And Select ascending option in verify trips                                                                             # stepDefinition.JE_QP_2_NSUpload.select_ascending_option_in_verify_trips()
  Then Click go button in verify trips                                                                                    # stepDefinition.JE_QP_2_NSUpload.click_go_button_in_verify_trips()
Page is closed
  Then close the NSUpload Page                                                                                            # stepDefinition.JE_QP_2_NSUpload.close_the_Signin_Page()
]]></system-out>
  </testcase>
  <testcase name="NS Upload:Verify Trips #22" classname="NS UPLOAD" time="85.362">
    <system-out><![CDATA[
@TC_22
Scenario: NS Upload:Verify Trips                                                                                          # src/test/resources/featureFiles/JE_QP_2_NSUpload.feature:409
  Given To Check NSUpload User is navigating to JetEdge URL is "https://preprod.flyjetedge.aero/NSINVOICEDEMO/login.aspx" # stepDefinition.JE_QP_2_NSUpload.user_is_navigating_to_jet_edge_Signin_url_is(java.lang.String)
Username and password entered
  When To Check NSUpload User Enter username and password are "soundharya@sankarasoftware.com" and "Soundharya@321"       # stepDefinition.JE_QP_2_NSUpload.username_and_password_are_and(java.lang.String,java.lang.String)
login button clicked
No Alert message is displayed
  And click the Signin button To Check NSUpload                                                                           # stepDefinition.JE_QP_2_NSUpload.click_the_SignIn_button()
  And Click menu button in homepage                                                                                       # stepDefinition.JE_QP_2_NSUpload.Click_menu_button_in_homepage()
  Then Click Verify Trips button in NSUpload                                                                              # stepDefinition.JE_QP_2_NSUpload.Click_Verify_Trips_button_in_NSUpload()
  And Select valid from date in verify trips                                                                              # stepDefinition.JE_QP_2_NSUpload.select_valid_from_date_in_verify_trips()
  Then Select valid to date in verify trips                                                                               # stepDefinition.JE_QP_2_NSUpload.select_valid_to_date_in_verify_trips()
  And Select valid company name in verify trips                                                                           # stepDefinition.JE_QP_2_NSUpload.select_valid_company_name_in_verify_trips()
[...]
Page is closed
  Then close the NSUpload Page                                                                                            # stepDefinition.JE_QP_2_NSUpload.close_the_Signin_Page()
]]></system-out>
  </testcase>
  <testcase name="NS Upload:Verify Trips #47" classname="NS UPLOAD" time="114.899">
    <system-out><![CDATA[
@TC_47
Scenario: NS Upload:Verify Trips                                                                                          # src/test/resources/featureFiles/JE_QP_2_NSUpload.feature:836
  Given To Check NSUpload User is navigating to JetEdge URL is "https://preprod.flyjetedge.aero/NSINVOICEDEMO/login.aspx" # stepDefinition.JE_QP_2_NSUpload.user_is_navigating_to_jet_edge_Signin_url_is(java.lang.String)
Username and password entered
  When To Check NSUpload User Enter username and password are "soundharya@sankarasoftware.com" and "Soundharya@321"       # stepDefinition.JE_QP_2_NSUpload.username_and_password_are_and(java.lang.String,java.lang.String)
login button clicked
No Alert message is displayed
  And click the Signin button To Check NSUpload                                                                           # stepDefinition.JE_QP_2_NSUpload.click_the_SignIn_button()
  And Click menu button in homepage                                                                                       # stepDefinition.JE_QP_2_NSUpload.Click_menu_button_in_homepage()
  Then Click NS Upload button in NSUpload                                                                                 # stepDefinition.JE_QP_2_NSUpload.click_ns_upload_button_in_ns_upload()
  And Select valid NS Status in Net Suite Upload                                                                          # stepDefinition.JE_QP_2_NSUpload.select_valid_ns_status_in_net_suite_upload()
No Alert message is displayed
  And Click search button in Net Suite Upload                                                                             # stepDefinition.JE_QP_2_NSUpload.click_search_button_in_net_suite_upload()
  And Click view button in Net Suite Upload                                                                               # stepDefinition.JE_QP_2_NSUpload.click_view_button_in_net_suite_upload()
Page is closed
  Then close the NSUpload Page                                                                                            # stepDefinition.JE_QP_2_NSUpload.close_the_Signin_Page()
]]></system-out>
  </testcase>
  <testcase name="NS Upload:Verify Trips #48" classname="NS UPLOAD" time="132.487">
    <system-out><![CDATA[
@TC_48
Scenario: NS Upload:Verify Trips                                                                                          # src/test/resources/featureFiles/JE_QP_2_NSUpload.feature:848
  Given To Check NSUpload User is navigating to JetEdge URL is "https://preprod.flyjetedge.aero/NSINVOICEDEMO/login.aspx" # stepDefinition.JE_QP_2_NSUpload.user_is_navigating_to_jet_edge_Signin_url_is(java.lang.String)
Username and password entered
  When To Check NSUpload User Enter username and password are "soundharya@sankarasoftware.com" and "Soundharya@321"       # stepDefinition.JE_QP_2_NSUpload.username_and_password_are_and(java.lang.String,java.lang.String)
login button clicked
No Alert message is displayed
  And click the Signin button To Check NSUpload                                                                           # stepDefinition.JE_QP_2_NSUpload.click_the_SignIn_button()
  And Click menu button in homepage                                                                                       # stepDefinition.JE_QP_2_NSUpload.Click_menu_button_in_homepage()
  Then Click NS Upload button in NSUpload                                                                                 # stepDefinition.JE_QP_2_NSUpload.click_ns_upload_button_in_ns_upload()
  And Select valid NS Status in Net Suite Upload                                                                          # stepDefinition.JE_QP_2_NSUpload.select_valid_ns_status_in_net_suite_upload()
No Alert message is displayed
  And Click search button in Net Suite Upload                                                                             # stepDefinition.JE_QP_2_NSUpload.click_search_button_in_net_suite_upload()
  And Click view button in Net Suite Upload                                                                               # stepDefinition.JE_QP_2_NSUpload.click_view_button_in_net_suite_upload()
  Then Click step1 button in Net Suite Upload                                                                             # stepDefinition.JE_QP_2_NSUpload.click_step1_button_in_net_suite_upload()
  And Click go to next step button in step1                                                                               # stepDefinition.JE_QP_2_NSUpload.click_go_to_next_step_button_in_step1()
Page is closed
  Then close the NSUpload Page                                                                                            # stepDefinition.JE_QP_2_NSUpload.close_the_Signin_Page()
]]></system-out>
  </testcase>
  <testcase name="NS Upload:Verify Trips #49" classname="NS UPLOAD" time="126.397">
    <system-out><![CDATA[
@TC_49
Scenario: NS Upload:Verify Trips                                                                                          # src/test/resources/featureFiles/JE_QP_2_NSUpload.feature:862
  Given To Check NSUpload User is navigating to JetEdge URL is "https://preprod.flyjetedge.aero/NSINVOICEDEMO/login.aspx" # stepDefinition.JE_QP_2_NSUpload.user_is_navigating_to_jet_edge_Signin_url_is(java.lang.String)
Username and password entered
  When To Check NSUpload User Enter username and password are "soundharya@sankarasoftware.com" and "Soundharya@321"       # stepDefinition.JE_QP_2_NSUpload.username_and_password_are_and(java.lang.String,java.lang.String)
login button clicked
No Alert message is displayed
  And click the Signin button To Check NSUpload                                                                           # stepDefinition.JE_QP_2_NSUpload.click_the_SignIn_button()
  And Click menu button in homepage                                                                                       # stepDefinition.JE_QP_2_NSUpload.Click_menu_button_in_homepage()
  Then Click NS Upload button in NSUpload                                                                                 # stepDefinition.JE_QP_2_NSUpload.click_ns_upload_button_in_ns_upload()
  And Select valid NS Status in Net Suite Upload                                                                          # stepDefinition.JE_QP_2_NSUpload.select_valid_ns_status_in_net_suite_upload()
No Alert message is displayed
  And Click search button in Net Suite Upload                                                                             # stepDefinition.JE_QP_2_NSUpload.click_search_button_in_net_suite_upload()
  And Click view button in Net Suite Upload                                                                               # stepDefinition.JE_QP_2_NSUpload.click_view_button_in_net_suite_upload()
  Then Click step2 button in Net Suite Upload                                                                             # stepDefinition.JE_QP_2_NSUpload.click_step2_button_in_net_suite_upload()
Radio button is already selected
  And Click yes radio button in step2                                                                                     # stepDefinition.JE_QP_2_NSUpload.click_yes_radio_button_in_step2()
  Then Enter valid notes in step2                                                                                         # stepDefinition.JE_QP_2_NSUpload.enter_valid_notes_in_step2()
  And Click go to next step button in step2                                                                               # stepDefinition.JE_QP_2_NSUpload.click_go_to_next_step_button_in_step2()
Page is closed
  Then close the NSUpload Page                                                                                            # stepDefinition.JE_QP_2_NSUpload.close_the_Signin_Page()
]]></system-out>
  </testcase>
  <testcase name="NS Upload:Verify Trips #50" classname="NS UPLOAD" time="121.841">
    <system-out><![CDATA[
@TC_50
Scenario: NS Upload:Verify Trips                                                                                          # src/test/resources/featureFiles/JE_QP_2_NSUpload.feature:878
  Given To Check NSUpload User is navigating to JetEdge URL is "https://preprod.flyjetedge.aero/NSINVOICEDEMO/login.aspx" # stepDefinition.JE_QP_2_NSUpload.user_is_navigating_to_jet_edge_Signin_url_is(java.lang.String)
Username and password entered
  When To Check NSUpload User Enter username and password are "soundharya@sankarasoftware.com" and "Soundharya@321"       # stepDefinition.JE_QP_2_NSUpload.username_and_password_are_and(java.lang.String,java.lang.String)
login button clicked
No Alert message is displayed
  And click the Signin button To Check NSUpload                                                                           # stepDefinition.JE_QP_2_NSUpload.click_the_SignIn_button()
  And Click menu button in homepage                                                                                       # stepDefinition.JE_QP_2_NSUpload.Click_menu_button_in_homepage()
  Then Click NS Upload button in NSUpload                                                                                 # stepDefinition.JE_QP_2_NSUpload.click_ns_upload_button_in_ns_upload()
  And Select valid NS Status in Net Suite Upload                                                                          # stepDefinition.JE_QP_2_NSUpload.select_valid_ns_status_in_net_suite_upload()
No Alert message is displayed
  And Click search button in Net Suite Upload                                                                             # stepDefinition.JE_QP_2_NSUpload.click_search_button_in_net_suite_upload()
  And Click view button in Net Suite Upload                                                                               # stepDefinition.JE_QP_2_NSUpload.click_view_button_in_net_suite_upload()
  Then Click step3 button in Net Suite Upload                                                                             # stepDefinition.JE_QP_2_NSUpload.click_step3_button_in_net_suite_upload()
Radio button is not selected
  And Click yes radio button in step3                                                                                     # stepDefinition.JE_QP_2_NSUpload.click_yes_radio_button_in_step3()
  Then Enter valid notes in step3                                                                                         # stepDefinition.JE_QP_2_NSUpload.enter_valid_notes_in_step3()
  And Click unlock batch button in step3                                                                                  # stepDefinition.JE_QP_2_NSUpload.click_unlock_batch_button_in_step3()
Page is closed
  Then close the NSUpload Page                                                                                            # stepDefinition.JE_QP_2_NSUpload.close_the_Signin_Page()
]]></system-out>
  </testcase>
  <testcase name="NS Upload:Verify Trips #51" classname="NS UPLOAD" time="116.327">
    <system-out><![CDATA[
@TC_51
Scenario: NS Upload:Verify Trips                                                                                          # src/test/resources/featureFiles/JE_QP_2_NSUpload.feature:894
  Given To Check NSUpload User is navigating to JetEdge URL is "https://preprod.flyjetedge.aero/NSINVOICEDEMO/login.aspx" # stepDefinition.JE_QP_2_NSUpload.user_is_navigating_to_jet_edge_Signin_url_is(java.lang.String)
Username and password entered
  When To Check NSUpload User Enter username and password are "soundharya@sankarasoftware.com" and "Soundharya@321"       # stepDefinition.JE_QP_2_NSUpload.username_and_password_are_and(java.lang.String,java.lang.String)
login button clicked
No Alert message is displayed
  And click the Signin button To Check NSUpload                                                                           # stepDefinition.JE_QP_2_NSUpload.click_the_SignIn_button()
  And Click menu button in homepage                                                                                       # stepDefinition.JE_QP_2_NSUpload.Click_menu_button_in_homepage()
  Then Click NS Upload button in NSUpload                                                                                 # stepDefinition.JE_QP_2_NSUpload.click_ns_upload_button_in_ns_upload()
  And Select valid NS Status in Net Suite Upload                                                                          # stepDefinition.JE_QP_2_NSUpload.select_valid_ns_status_in_net_suite_upload()
No Alert message is displayed
  And Click search button in Net Suite Upload                                                                             # stepDefinition.JE_QP_2_NSUpload.click_search_button_in_net_suite_upload()
  And Click view button in Net Suite Upload                                                                               # stepDefinition.JE_QP_2_NSUpload.click_view_button_in_net_suite_upload()
  Then Click step3 button in Net Suite Upload                                                                             # stepDefinition.JE_QP_2_NSUpload.click_step3_button_in_net_suite_upload()
  And Click lock batch button in step3                                                                                    # stepDefinition.JE_QP_2_NSUpload.click_lock_batch_button_in_step3()
  Then Click close button in step3                                                                                        # stepDefinition.JE_QP_2_NSUpload.click_close_button_in_step3()
Page is closed
  Then close the NSUpload Page                                                                                            # stepDefinition.JE_QP_2_NSUpload.close_the_Signin_Page()
]]></system-out>
  </testcase>
  <testcase name="NS Upload:Verify Trips #52" classname="NS UPLOAD" time="129.248">
    <system-out><![CDATA[
@TC_53
Scenario: NS Upload:Verify Trips                                                                                          # src/test/resources/featureFiles/JE_QP_2_NSUpload.feature:909
  Given To Check NSUpload User is navigating to JetEdge URL is "https://preprod.flyjetedge.aero/NSINVOICEDEMO/login.aspx" # stepDefinition.JE_QP_2_NSUpload.user_is_navigating_to_jet_edge_Signin_url_is(java.lang.String)
Username and password entered
  When To Check NSUpload User Enter username and password are "soundharya@sankarasoftware.com" and "Soundharya@321"       # stepDefinition.JE_QP_2_NSUpload.username_and_password_are_and(java.lang.String,java.lang.String)
login button clicked
No Alert message is displayed
  And click the Signin button To Check NSUpload                                                                           # stepDefinition.JE_QP_2_NSUpload.click_the_SignIn_button()
  And Click menu button in homepage                                                                                       # stepDefinition.JE_QP_2_NSUpload.Click_menu_button_in_homepage()
  Then Click NS Upload button in NSUpload                                                                                 # stepDefinition.JE_QP_2_NSUpload.click_ns_upload_button_in_ns_upload()
  And Select valid NS Status in Net Suite Upload                                                                          # stepDefinition.JE_QP_2_NSUpload.select_valid_ns_status_in_net_suite_upload()
No Alert message is displayed
  And Click search button in Net Suite Upload                                                                             # stepDefinition.JE_QP_2_NSUpload.click_search_button_in_net_suite_upload()
  And Click view button in Net Suite Upload                                                                               # stepDefinition.JE_QP_2_NSUpload.click_view_button_in_net_suite_upload()
  Then Click step3 button in Net Suite Upload                                                                             # stepDefinition.JE_QP_2_NSUpload.click_step3_button_in_net_suite_upload()
  And Click lock batch button in step3                                                                                    # stepDefinition.JE_QP_2_NSUpload.click_lock_batch_button_in_step3()
  Then Click close button in step3                                                                                        # stepDefinition.JE_QP_2_NSUpload.click_close_button_in_step3()
Radio button is not selected
  And Click yes radio button in step3                                                                                     # stepDefinition.JE_QP_2_NSUpload.click_yes_radio_button_in_step3()
  And Click lock batch button in step3                                                                                    # stepDefinition.JE_QP_2_NSUpload.click_lock_batch_button_in_step3()
  Then Click close button in step3                                                                                        # stepDefinition.JE_QP_2_NSUpload.click_close_button_in_step3()
Page is closed
  Then close the NSUpload Page                                                                                            # stepDefinition.JE_QP_2_NSUpload.close_the_Signin_Page()
]]></system-out>
  </testcase>
  <testcase name="NS Upload:Verify Trips #53" classname="NS UPLOAD" time="154.249">
    <system-out><![CDATA[
@TC_54
Scenario: NS Upload:Verify Trips                                                                                          # src/test/resources/featureFiles/JE_QP_2_NSUpload.feature:927
  Given To Check NSUpload User is navigating to JetEdge URL is "https://preprod.flyjetedge.aero/NSINVOICEDEMO/login.aspx" # stepDefinition.JE_QP_2_NSUpload.user_is_navigating_to_jet_edge_Signin_url_is(java.lang.String)
Username and password entered
  When To Check NSUpload User Enter username and password are "soundharya@sankarasoftware.com" and "Soundharya@321"       # stepDefinition.JE_QP_2_NSUpload.username_and_password_are_and(java.lang.String,java.lang.String)
login button clicked
No Alert message is displayed
  And click the Signin button To Check NSUpload                                                                           # stepDefinition.JE_QP_2_NSUpload.click_the_SignIn_button()
  And Click menu button in homepage                                                                                       # stepDefinition.JE_QP_2_NSUpload.Click_menu_button_in_homepage()
  Then Click NS Upload button in NSUpload                                                                                 # stepDefinition.JE_QP_2_NSUpload.click_ns_upload_button_in_ns_upload()
  And Select valid NS Status in Net Suite Upload                                                                          # stepDefinition.JE_QP_2_NSUpload.select_valid_ns_status_in_net_suite_upload()
No Alert message is displayed
  And Click search button in Net Suite Upload                                                                             # stepDefinition.JE_QP_2_NSUpload.click_search_button_in_net_suite_upload()
  And Click view button in Net Suite Upload                                                                               # stepDefinition.JE_QP_2_NSUpload.click_view_button_in_net_suite_upload()
  Then Click back button in Net Suite Upload                                                                              # stepDefinition.JE_QP_2_NSUpload.click_back_button_in_net_suite_upload()
Page is closed
  Then close the NSUpload Page                                                                                            # stepDefinition.JE_QP_2_NSUpload.close_the_Signin_Page()
]]></system-out>
  </testcase>
</testsuite>